<?xml version="1.0" encoding="UTF-8"?>
<robot generated="20171106 09:23:28.782" generator="Robot 3.0.2 (Python 2.7.9 on win32)">
<suite source="C:\development\robot-scripts\urp\tests\Modules\sprint2_2.robot" id="s1" name="Sprint2 2">
<test id="s1-t1" name="LogIn">
<kw name="Open Browser" library="Selenium2Library">
<doc>Opens a new browser instance to given URL.</doc>
<arguments>
<arg>http://10.0.1.47:8080/urp/urp/</arg>
<arg>${BROWSER}</arg>
</arguments>
<msg timestamp="20171106 09:23:29.141" level="INFO">Opening browser 'gc' to base url 'http://10.0.1.47:8080/urp/urp/'</msg>
<status status="PASS" endtime="20171106 09:23:36.870" starttime="20171106 09:23:29.141"></status>
</kw>
<kw name="Sleep" library="BuiltIn">
<doc>Pauses the test executed for the given time.</doc>
<arguments>
<arg>5s</arg>
</arguments>
<msg timestamp="20171106 09:23:41.884" level="INFO">Slept 5 seconds</msg>
<status status="PASS" endtime="20171106 09:23:41.884" starttime="20171106 09:23:36.870"></status>
</kw>
<kw name="Click Button" library="Selenium2Library">
<doc>Clicks a button identified by `locator`.</doc>
<arguments>
<arg>xpath=//*[@id="show_login_btn"]</arg>
</arguments>
<msg timestamp="20171106 09:23:41.884" level="INFO">Clicking button 'xpath=//*[@id="show_login_btn"]'.</msg>
<status status="PASS" endtime="20171106 09:23:42.161" starttime="20171106 09:23:41.884"></status>
</kw>
<kw name="Sleep" library="BuiltIn">
<doc>Pauses the test executed for the given time.</doc>
<arguments>
<arg>3s</arg>
</arguments>
<msg timestamp="20171106 09:23:45.186" level="INFO">Slept 3 seconds</msg>
<status status="PASS" endtime="20171106 09:23:45.186" starttime="20171106 09:23:42.166"></status>
</kw>
<kw name="Click Element" library="Selenium2Library">
<doc>Click element identified by `locator`.</doc>
<arguments>
<arg>xpath=.//*[@id='login_form']/div[1]/div/div/div/input</arg>
</arguments>
<msg timestamp="20171106 09:23:45.186" level="INFO">Clicking element 'xpath=.//*[@id='login_form']/div[1]/div/div/div/input'.</msg>
<status status="PASS" endtime="20171106 09:23:45.280" starttime="20171106 09:23:45.186"></status>
</kw>
<kw name="Sleep" library="BuiltIn">
<doc>Pauses the test executed for the given time.</doc>
<arguments>
<arg>3s</arg>
</arguments>
<msg timestamp="20171106 09:23:48.287" level="INFO">Slept 3 seconds</msg>
<status status="PASS" endtime="20171106 09:23:48.287" starttime="20171106 09:23:45.280"></status>
</kw>
<kw name="Input Text" library="Selenium2Library">
<doc>Types the given `text` into text field identified by `locator`.</doc>
<arguments>
<arg>identifier=login</arg>
<arg>${USER}</arg>
</arguments>
<msg timestamp="20171106 09:23:48.287" level="INFO">Typing text 'sranatunga@context1.com' into text field 'identifier=login'</msg>
<status status="PASS" endtime="20171106 09:23:49.014" starttime="20171106 09:23:48.287"></status>
</kw>
<kw name="Sleep" library="BuiltIn">
<doc>Pauses the test executed for the given time.</doc>
<arguments>
<arg>3s</arg>
</arguments>
<msg timestamp="20171106 09:23:52.017" level="INFO">Slept 3 seconds</msg>
<status status="PASS" endtime="20171106 09:23:52.017" starttime="20171106 09:23:49.016"></status>
</kw>
<kw name="Click Button" library="Selenium2Library">
<doc>Clicks a button identified by `locator`.</doc>
<arguments>
<arg>xpath=.//*[@id='pass-control']</arg>
</arguments>
<msg timestamp="20171106 09:23:52.017" level="INFO">Clicking button 'xpath=.//*[@id='pass-control']'.</msg>
<status status="PASS" endtime="20171106 09:23:52.272" starttime="20171106 09:23:52.017"></status>
</kw>
<kw name="Sleep" library="BuiltIn">
<doc>Pauses the test executed for the given time.</doc>
<arguments>
<arg>3s</arg>
</arguments>
<msg timestamp="20171106 09:23:55.280" level="INFO">Slept 3 seconds</msg>
<status status="PASS" endtime="20171106 09:23:55.280" starttime="20171106 09:23:52.274"></status>
</kw>
<kw name="Input Text" library="Selenium2Library">
<doc>Types the given `text` into text field identified by `locator`.</doc>
<arguments>
<arg>identifier=password</arg>
<arg>${PW}</arg>
</arguments>
<msg timestamp="20171106 09:23:55.280" level="INFO">Typing text 'context@2017' into text field 'identifier=password'</msg>
<status status="PASS" endtime="20171106 09:23:55.750" starttime="20171106 09:23:55.280"></status>
</kw>
<kw name="Sleep" library="BuiltIn">
<doc>Pauses the test executed for the given time.</doc>
<arguments>
<arg>3s</arg>
</arguments>
<msg timestamp="20171106 09:23:58.763" level="INFO">Slept 3 seconds</msg>
<status status="PASS" endtime="20171106 09:23:58.763" starttime="20171106 09:23:55.751"></status>
</kw>
<kw name="Click Button" library="Selenium2Library">
<doc>Clicks a button identified by `locator`.</doc>
<arguments>
<arg>Login</arg>
</arguments>
<msg timestamp="20171106 09:23:58.763" level="INFO">Clicking button 'Login'.</msg>
<status status="PASS" endtime="20171106 09:23:58.951" starttime="20171106 09:23:58.763"></status>
</kw>
<kw name="Sleep" library="BuiltIn">
<doc>Pauses the test executed for the given time.</doc>
<arguments>
<arg>5s</arg>
</arguments>
<msg timestamp="20171106 09:24:03.961" level="INFO">Slept 5 seconds</msg>
<status status="PASS" endtime="20171106 09:24:03.961" starttime="20171106 09:23:58.952"></status>
</kw>
<kw name="Click Element" library="Selenium2Library">
<doc>Click element identified by `locator`.</doc>
<arguments>
<arg>xpath=//*[@id='enw_menu']/li[6]/a</arg>
</arguments>
<msg timestamp="20171106 09:24:03.961" level="INFO">Clicking element 'xpath=//*[@id='enw_menu']/li[6]/a'.</msg>
<status status="PASS" endtime="20171106 09:24:05.280" starttime="20171106 09:24:03.961"></status>
</kw>
<kw name="Sleep" library="BuiltIn">
<doc>Pauses the test executed for the given time.</doc>
<arguments>
<arg>5s</arg>
</arguments>
<msg timestamp="20171106 09:24:10.295" level="INFO">Slept 5 seconds</msg>
<status status="PASS" endtime="20171106 09:24:10.295" starttime="20171106 09:24:05.281"></status>
</kw>
<kw name="Click Element" library="Selenium2Library">
<doc>Click element identified by `locator`.</doc>
<arguments>
<arg>xpath=//*[@id='datagrid-row-r2-2-2']/td[3]/div</arg>
</arguments>
<msg timestamp="20171106 09:24:10.295" level="INFO">Clicking element 'xpath=//*[@id='datagrid-row-r2-2-2']/td[3]/div'.</msg>
<status status="PASS" endtime="20171106 09:24:10.430" starttime="20171106 09:24:10.295"></status>
</kw>
<kw name="Sleep" library="BuiltIn">
<doc>Pauses the test executed for the given time.</doc>
<arguments>
<arg>3s</arg>
</arguments>
<msg timestamp="20171106 09:24:13.433" level="INFO">Slept 3 seconds</msg>
<status status="PASS" endtime="20171106 09:24:13.433" starttime="20171106 09:24:10.432"></status>
</kw>
<kw name="Click Element" library="Selenium2Library">
<doc>Click element identified by `locator`.</doc>
<arguments>
<arg>xpath=//*[@id='datagrid-row-r2-2-2']/td[3]/div</arg>
</arguments>
<msg timestamp="20171106 09:24:13.433" level="INFO">Clicking element 'xpath=//*[@id='datagrid-row-r2-2-2']/td[3]/div'.</msg>
<status status="PASS" endtime="20171106 09:24:13.514" starttime="20171106 09:24:13.433"></status>
</kw>
<kw name="Sleep" library="BuiltIn">
<doc>Pauses the test executed for the given time.</doc>
<arguments>
<arg>5s</arg>
</arguments>
<msg timestamp="20171106 09:24:18.518" level="INFO">Slept 5 seconds</msg>
<status status="PASS" endtime="20171106 09:24:18.518" starttime="20171106 09:24:13.516"></status>
</kw>
<kw name="Click Element" library="Selenium2Library">
<doc>Click element identified by `locator`.</doc>
<arguments>
<arg>xpath=//*[@id='edit_template_btn']</arg>
</arguments>
<msg timestamp="20171106 09:24:18.518" level="INFO">Clicking element 'xpath=//*[@id='edit_template_btn']'.</msg>
<status status="PASS" endtime="20171106 09:24:20.446" starttime="20171106 09:24:18.518"></status>
</kw>
<kw name="Sleep" library="BuiltIn">
<doc>Pauses the test executed for the given time.</doc>
<arguments>
<arg>5s</arg>
</arguments>
<msg timestamp="20171106 09:24:25.448" level="INFO">Slept 5 seconds</msg>
<status status="PASS" endtime="20171106 09:24:25.448" starttime="20171106 09:24:20.446"></status>
</kw>
<kw name="Click Element" library="Selenium2Library">
<doc>Click element identified by `locator`.</doc>
<arguments>
<arg>xpath=//*[@id='datagrid-row-r1-2-0']/td[2]/div</arg>
</arguments>
<msg timestamp="20171106 09:24:26.462" level="INFO">Clicking element 'xpath=//*[@id='datagrid-row-r1-2-0']/td[2]/div'.</msg>
<kw name="Capture Page Screenshot" library="Selenium2Library">
<doc>Takes a screenshot of the current page and embeds it into the log.</doc>
<msg timestamp="20171106 09:24:34.831" level="FAIL">WebDriverException: Message: chrome not reachable
  (Session info: chrome=61.0.3163.100)
  (Driver info: chromedriver=2.32.498550 (9dec58e66c31bcc53a9ce3c7226f0c1c5810906a),platform=Windows NT 6.1.7601 SP1 x86_64)
</msg>
<status status="FAIL" endtime="20171106 09:24:34.831" starttime="20171106 09:24:30.642"></status>
</kw>
<msg timestamp="20171106 09:24:34.831" level="WARN">Keyword 'Capture Page Screenshot' could not be run on failure: WebDriverException: Message: chrome not reachable
  (Session info: chrome=61.0.3163.100)
  (Driver info: chromedriver=2.32.498550 (9dec58e66c31bcc53a9ce3c7226f0c1c5810906a),platform=Windows NT 6.1.7601 SP1 x86_64)
</msg>
<msg timestamp="20171106 09:24:34.925" level="FAIL">WebDriverException: Message: chrome not reachable
  (Session info: chrome=61.0.3163.100)
  (Driver info: chromedriver=2.32.498550 (9dec58e66c31bcc53a9ce3c7226f0c1c5810906a),platform=Windows NT 6.1.7601 SP1 x86_64)
</msg>
<status status="FAIL" endtime="20171106 09:24:34.925" starttime="20171106 09:24:26.462"></status>
</kw>
<doc>This is the valid test for LogIn and LogOff with both correct user anad password</doc>
<status status="FAIL" endtime="20171106 09:24:34.941" critical="yes" starttime="20171106 09:23:29.141">WebDriverException: Message: chrome not reachable
  (Session info: chrome=61.0.3163.100)
  (Driver info: chromedriver=2.32.498550 (9dec58e66c31bcc53a9ce3c7226f0c1c5810906a),platform=Windows NT 6.1.7601 SP1 x86_64)
</status>
</test>
<test id="s1-t2" name="LogOff">
<kw name="Click Button" library="Selenium2Library">
<doc>Clicks a button identified by `locator`.</doc>
<arguments>
<arg>xpath=//*[@id="logout_form"]/button</arg>
</arguments>
<msg timestamp="20171106 09:24:34.941" level="INFO">Clicking button 'xpath=//*[@id="logout_form"]/button'.</msg>
<kw name="Capture Page Screenshot" library="Selenium2Library">
<doc>Takes a screenshot of the current page and embeds it into the log.</doc>
<msg timestamp="20171106 09:24:43.224" level="FAIL">WebDriverException: Message: chrome not reachable
  (Session info: chrome=61.0.3163.100)
  (Driver info: chromedriver=2.32.498550 (9dec58e66c31bcc53a9ce3c7226f0c1c5810906a),platform=Windows NT 6.1.7601 SP1 x86_64)
</msg>
<status status="FAIL" endtime="20171106 09:24:43.224" starttime="20171106 09:24:39.075"></status>
</kw>
<msg timestamp="20171106 09:24:43.224" level="WARN">Keyword 'Capture Page Screenshot' could not be run on failure: WebDriverException: Message: chrome not reachable
  (Session info: chrome=61.0.3163.100)
  (Driver info: chromedriver=2.32.498550 (9dec58e66c31bcc53a9ce3c7226f0c1c5810906a),platform=Windows NT 6.1.7601 SP1 x86_64)
</msg>
<msg timestamp="20171106 09:24:43.224" level="FAIL">WebDriverException: Message: chrome not reachable
  (Session info: chrome=61.0.3163.100)
  (Driver info: chromedriver=2.32.498550 (9dec58e66c31bcc53a9ce3c7226f0c1c5810906a),platform=Windows NT 6.1.7601 SP1 x86_64)
</msg>
<status status="FAIL" endtime="20171106 09:24:43.224" starttime="20171106 09:24:34.941"></status>
</kw>
<status status="FAIL" endtime="20171106 09:24:43.224" critical="yes" starttime="20171106 09:24:34.941">WebDriverException: Message: chrome not reachable
  (Session info: chrome=61.0.3163.100)
  (Driver info: chromedriver=2.32.498550 (9dec58e66c31bcc53a9ce3c7226f0c1c5810906a),platform=Windows NT 6.1.7601 SP1 x86_64)
</status>
</test>
<doc>This is some basic info about the whole suite</doc>
<status status="FAIL" endtime="20171106 09:24:43.224" starttime="20171106 09:23:28.782"></status>
</suite>
<statistics>
<total>
<stat fail="2" pass="0">Critical Tests</stat>
<stat fail="2" pass="0">All Tests</stat>
</total>
<tag>
</tag>
<suite>
<stat fail="2" id="s1" name="Sprint2 2" pass="0">Sprint2 2</stat>
</suite>
</statistics>
<errors>
<msg timestamp="20171106 09:24:34.831" level="WARN">Keyword 'Capture Page Screenshot' could not be run on failure: WebDriverException: Message: chrome not reachable
  (Session info: chrome=61.0.3163.100)
  (Driver info: chromedriver=2.32.498550 (9dec58e66c31bcc53a9ce3c7226f0c1c5810906a),platform=Windows NT 6.1.7601 SP1 x86_64)
</msg>
<msg timestamp="20171106 09:24:43.224" level="WARN">Keyword 'Capture Page Screenshot' could not be run on failure: WebDriverException: Message: chrome not reachable
  (Session info: chrome=61.0.3163.100)
  (Driver info: chromedriver=2.32.498550 (9dec58e66c31bcc53a9ce3c7226f0c1c5810906a),platform=Windows NT 6.1.7601 SP1 x86_64)
</msg>
</errors>
</robot>
